<?xml version="1.0" encoding="UTF-8"?>
<coverage generated="1756223572425" clover="3.2.0">
  <project timestamp="1756223572426" name="All files">
    <metrics statements="5" coveredstatements="5" conditionals="2" coveredconditionals="0" methods="2" coveredmethods="2" elements="9" coveredelements="7" complexity="0" loc="5" ncloc="5" packages="1" files="1" classes="1"/>
    <file name="mehrwertsteuer.js" path="C:\Users\dpoe1\OneDrive\Dokumente\GitHub\github-actions-demo\mehrwertsteuer\mehrwertsteuer.js">
      <metrics statements="5" coveredstatements="5" conditionals="2" coveredconditionals="0" methods="2" coveredmethods="2"/>
      <line num="3" count="5" type="stmt"/>
      <line num="5" count="5" type="stmt"/>
      <line num="10" count="2" type="stmt"/>
      <line num="11" count="2" type="stmt"/>
      <line num="14" count="1" type="stmt"/>
    </file>
  </project>
</coverage>
